C51 COMPILER V9.54   8X8LATTICE                                                            11/23/2019 11:41:56 PAGE 1   


C51 COMPILER V9.54, COMPILATION OF MODULE 8X8LATTICE
OBJECT MODULE PLACED IN .\Objects\8x8lattice.obj
COMPILER INVOKED BY: C:\Keil_v5\C51\BIN\C51.EXE Drivers\8x8lattice.c OPTIMIZE(8,SPEED) BROWSE INCDIR(.\Drivers;.\USER) D
                    -EBUG OBJECTEXTEND PRINT(.\Listings\8x8lattice.lst) TABS(2) OBJECT(.\Objects\8x8lattice.obj)

line level    source

   1          #include "8x8lattice.h"
   2          
   3          
   4          /*
   5          void hc595Write(unsigned char writeVal)
   6          {
   7            unsigned char i;
   8            ST_CP=0;
   9            for(i=0; i<8; i++)
  10            {
  11              SH_CP=0;
  12              DS=((writeVal<<i)&0x80)?1:0;
  13              SH_CP=1;
  14            }
  15            ST_CP=1;
  16          }
  17          
  18          void hc238Write(unsigned char writeVal)
  19          {
  20            switch(writeVal)
  21            {
  22              case 0: hc238EN=1;hc238A=0;hc238B=0;hc238C=0;break;
  23              case 1: hc238EN=1;hc238A=1;hc238B=0;hc238C=0;break;
  24              case 2: hc238EN=1;hc238A=0;hc238B=1;hc238C=0;break;
  25              case 3: hc238EN=1;hc238A=1;hc238B=1;hc238C=0;break;
  26              case 4: hc238EN=1;hc238A=0;hc238B=0;hc238C=1;break;
  27              case 5: hc238EN=1;hc238A=1;hc238B=0;hc238C=1;break;
  28              case 6: hc238EN=1;hc238A=0;hc238B=1;hc238C=1;break;
  29              case 7: hc238EN=1;hc238A=1;hc238B=1;hc238C=1;break;
  30              default: hc238EN=0; break;  
  31            }
  32          }
  33          
  34          void drawPoint(unsigned char x, unsigned char y)
  35          {
  36            hc595Write(0xFF);
  37            hc595Write(~(1<<x));
  38            hc238Write(y);
  39            
  40          }
  41          
  42          void scanDisplay(unsigned char *pbuff)
  43          {
  44            unsigned char i=0;
  45            hc595Write(0xFF);
  46            for(i=0; i<8; i++)
  47            { 
  48              hc595Write(~pbuff[i]);
  49              hc238Write(i);
  50              hc595Write(0xFF);
  51            }
  52          }
  53          */
  54          
C51 COMPILER V9.54   8X8LATTICE                                                            11/23/2019 11:41:56 PAGE 2   

  55          
  56          unsigned char code TAB[8]  = {0x7f,0xbf,0xdf,0xef,0xf7,0xfb,0xfd,0xfe};
  57          
  58          void Hc595SendByte(unsigned char dat)
  59          {
  60   1        unsigned char a;
  61   1        SRCLK=0;
  62   1        SSRCLK=0;
  63   1        for(a=0;a<8;a++)
  64   1        {
  65   2          SER=dat>>7;
  66   2          dat<<=1;
  67   2      
  68   2          SRCLK=1;
  69   2          _nop_();
  70   2          _nop_();
  71   2          SRCLK=0;  
  72   2        }
  73   1      
  74   1        SSRCLK=1;
  75   1        _nop_();
  76   1        _nop_();
  77   1        SSRCLK=0;
  78   1      }
  79          
  80          
  81          void scanDisplay(unsigned char *pbuff)
  82          {
  83   1        unsigned char tab;
  84   1        for(tab=0;tab<8;tab++)
  85   1        { 
  86   2          Hc595SendByte(0x00);           //ÏûÒþ                               
  87   2          COMMONPORTS = TAB[tab];        //Êä³ö×ÖÂë 
  88   2          Hc595SendByte(pbuff[tab]);    
  89   2        }
  90   1      }
  91          


MODULE INFORMATION:   STATIC OVERLAYABLE
   CODE SIZE        =     81    ----
   CONSTANT SIZE    =      8    ----
   XDATA SIZE       =   ----    ----
   PDATA SIZE       =   ----    ----
   DATA SIZE        =   ----       3
   IDATA SIZE       =   ----    ----
   BIT SIZE         =   ----    ----
END OF MODULE INFORMATION.


C51 COMPILATION COMPLETE.  0 WARNING(S),  0 ERROR(S)
