C51 COMPILER V9.54   KEY                                                                   11/23/2019 11:41:55 PAGE 1   


C51 COMPILER V9.54, COMPILATION OF MODULE KEY
OBJECT MODULE PLACED IN .\Objects\key.obj
COMPILER INVOKED BY: C:\Keil_v5\C51\BIN\C51.EXE USER\key.c OPTIMIZE(8,SPEED) BROWSE INCDIR(.\Drivers;.\USER) DEBUG OBJEC
                    -TEXTEND PRINT(.\Listings\key.lst) TABS(2) OBJECT(.\Objects\key.obj)

line level    source

   1          #include "config.h"
   2          
   3          extern enum Dir{ speedup1, speeddown1, left1, right1, speedup2, speeddown2, left2, right2, nothing};
   4          
   5          //*********Key PIN**********//
   6          sbit keyUp1     = P3^0;
   7          sbit keyDown1   = P3^1;
   8          sbit keyLeft1   = P3^2;
   9          sbit keyRight1  = P3^3;
  10          sbit keyUp2     = P2^0;
  11          sbit keyDown2   = P2^1;
  12          sbit keyLeft2   = P2^6;
  13          sbit keyRight2  = P2^7;
  14          //**************************//
  15          
  16          uchar keyVal=left2;
  17          
  18          
  19          uchar scanKey(void)
  20          {
  21   1        
  22   1        if(!keyUp1)   keyVal=speedup1;
  23   1        else if(!keyDown1)  keyVal=speeddown1;
  24   1        else if(!keyLeft1)  keyVal=left1;
  25   1        else if(!keyRight1) keyVal=right1;
  26   1        else if(!keyUp2)    keyVal=speedup2;
  27   1        else if(!keyDown2)  keyVal=speeddown2;
  28   1        else if(!keyLeft2)  keyVal=left2;
  29   1        else if(!keyRight2) keyVal=right2;
  30   1        else keyVal=nothing;
  31   1        return keyVal;
  32   1      }


MODULE INFORMATION:   STATIC OVERLAYABLE
   CODE SIZE        =     70    ----
   CONSTANT SIZE    =   ----    ----
   XDATA SIZE       =   ----    ----
   PDATA SIZE       =   ----    ----
   DATA SIZE        =      1    ----
   IDATA SIZE       =   ----    ----
   BIT SIZE         =   ----    ----
END OF MODULE INFORMATION.


C51 COMPILATION COMPLETE.  0 WARNING(S),  0 ERROR(S)
