C51 COMPILER V9.54   MAIN                                                                  11/23/2019 11:41:55 PAGE 1   


C51 COMPILER V9.54, COMPILATION OF MODULE MAIN
OBJECT MODULE PLACED IN .\Objects\main.obj
COMPILER INVOKED BY: C:\Keil_v5\C51\BIN\C51.EXE main.c OPTIMIZE(8,SPEED) BROWSE INCDIR(.\Drivers;.\USER) DEBUG OBJECTEXT
                    -END PRINT(.\Listings\main.lst) TABS(2) OBJECT(.\Objects\main.obj)

line level    source

   1          #include "config.h"
   2          
   3          sbit keyUp1   = P3^0;
   4          sbit keyDown1   = P3^1;
   5          sbit keyLeft1   = P3^2;
   6          sbit keyRight1  = P3^3;
   7          sbit keyUp2   = P2^0;
   8          sbit keyDown2   = P2^1;
   9          sbit keyLeft2   = P2^6;
  10          sbit keyRight2  = P2^7;
  11          
  12          //extern unsigned char keyValue;
  13          //extern enum Dir{ speedup1, speeddown1, left1, right1, speedup2, speeddown2, left2, right2, nothing};
  14          //*********Ö÷º¯Êý*************//
  15          void main()
  16          {
  17   1        while(1)
  18   1        {
  19   2          if(!keyUp1)
  20   2          {
  21   3             initTimer0();
  22   3             initTimer1();
  23   3             while(1)startRabbit();
  24   3          }
  25   2          else if(!keyDown1)
  26   2          {
  27   3             initTimer0();
  28   3             initTimer1();
  29   3             while(1)startTor();
  30   3          }
  31   2          else if(!keyLeft1)
  32   2          {
  33   3             initTimer0();
  34   3             initTimer1();
  35   3             while(1)startDuel();
  36   3          }
  37   2        }
  38   1      }


MODULE INFORMATION:   STATIC OVERLAYABLE
   CODE SIZE        =     42    ----
   CONSTANT SIZE    =   ----    ----
   XDATA SIZE       =   ----    ----
   PDATA SIZE       =   ----    ----
   DATA SIZE        =   ----    ----
   IDATA SIZE       =   ----    ----
   BIT SIZE         =   ----    ----
END OF MODULE INFORMATION.


C51 COMPILATION COMPLETE.  0 WARNING(S),  0 ERROR(S)
